# JRE version: OpenJDK Runtime Environment (14.0.1+7) (build 14.0.1+7)
# Java VM: OpenJDK 64-Bit Server VM (14.0.1+7, mixed mode, sharing, tiered, compressed oops, g1 gc, bsd-amd64)
Heap:
 garbage-first heap   total 414720K, used 382975K [0x00000007e0000000, 0x0000000800000000)
  region size 1024K, 12 young (12288K), 3 survivors (3072K)
 Metaspace       used 85377K, capacity 88148K, committed 88320K, reserved 331776K
  class space    used 10615K, capacity 11518K, committed 11596K, reserved 253952K
GC Heap History (20 events):
Event: 11752.112 GC heap before
{Heap before GC invocations=287 (full 0):
 garbage-first heap   total 414720K, used 379228K [0x00000007e0000000, 0x0000000800000000)
  region size 1024K, 20 young (20480K), 3 survivors (3072K)
 Metaspace       used 85308K, capacity 88070K, committed 88320K, reserved 331776K
  class space    used 10614K, capacity 11516K, committed 11596K, reserved 253952K
}
Event: 11752.119 GC heap after
{Heap after GC invocations=288 (full 0):
 garbage-first heap   total 414720K, used 365695K [0x00000007e0000000, 0x0000000800000000)
  region size 1024K, 3 young (3072K), 3 survivors (3072K)
 Metaspace       used 85308K, capacity 88070K, committed 88320K, reserved 331776K
  class space    used 10614K, capacity 11516K, committed 11596K, reserved 253952K
}
Event: 11752.255 GC heap before
{Heap before GC invocations=288 (full 0):
 garbage-first heap   total 414720K, used 383103K [0x00000007e0000000, 0x0000000800000000)
  region size 1024K, 20 young (20480K), 3 survivors (3072K)
 Metaspace       used 85315K, capacity 88074K, committed 88320K, reserved 331776K
  class space    used 10614K, capacity 11516K, committed 11596K, reserved 253952K
}
Event: 11752.265 GC heap after
{Heap after GC invocations=289 (full 0):
 garbage-first heap   total 414720K, used 368701K [0x00000007e0000000, 0x0000000800000000)
  region size 1024K, 3 young (3072K), 3 survivors (3072K)
 Metaspace       used 85315K, capacity 88074K, committed 88320K, reserved 331776K
  class space    used 10614K, capacity 11516K, committed 11596K, reserved 253952K
}
Event: 11752.320 GC heap before
{Heap before GC invocations=289 (full 0):
 garbage-first heap   total 414720K, used 385085K [0x00000007e0000000, 0x0000000800000000)
  region size 1024K, 20 young (20480K), 3 survivors (3072K)
 Metaspace       used 85317K, capacity 88074K, committed 88320K, reserved 331776K
  class space    used 10614K, capacity 11516K, committed 11596K, reserved 253952K
}
Event: 11752.326 GC heap after
{Heap after GC invocations=290 (full 0):
 garbage-first heap   total 414720K, used 370134K [0x00000007e0000000, 0x0000000800000000)
  region size 1024K, 2 young (2048K), 2 survivors (2048K)
 Metaspace       used 85317K, capacity 88074K, committed 88320K, reserved 331776K
  class space    used 10614K, capacity 11516K, committed 11596K, reserved 253952K
}
Event: 11752.367 GC heap before
{Heap before GC invocations=290 (full 0):
 garbage-first heap   total 414720K, used 387542K [0x00000007e0000000, 0x0000000800000000)
  region size 1024K, 20 young (20480K), 2 survivors (2048K)
 Metaspace       used 85322K, capacity 88074K, committed 88320K, reserved 331776K
  class space    used 10614K, capacity 11516K, committed 11596K, reserved 253952K
}
Event: 11752.371 GC heap after
{Heap after GC invocations=291 (full 0):
 garbage-first heap   total 414720K, used 370436K [0x00000007e0000000, 0x0000000800000000)
  region size 1024K, 2 young (2048K), 2 survivors (2048K)
 Metaspace       used 85322K, capacity 88074K, committed 88320K, reserved 331776K
  class space    used 10614K, capacity 11516K, committed 11596K, reserved 253952K
}
Event: 11752.429 GC heap before
{Heap before GC invocations=291 (full 0):
 garbage-first heap   total 414720K, used 388868K [0x00000007e0000000, 0x0000000800000000)
  region size 1024K, 20 young (20480K), 2 survivors (2048K)
 Metaspace       used 85322K, capacity 88074K, committed 88320K, reserved 331776K
  class space    used 10614K, capacity 11516K, committed 11596K, reserved 253952K
}
Event: 11752.433 GC heap after
{Heap after GC invocations=292 (full 0):
 garbage-first heap   total 414720K, used 371390K [0x00000007e0000000, 0x0000000800000000)
  region size 1024K, 2 young (2048K), 2 survivors (2048K)
 Metaspace       used 85322K, capacity 88074K, committed 88320K, reserved 331776K
  class space    used 10614K, capacity 11516K, committed 11596K, reserved 253952K
}
Event: 11752.510 GC heap before
{Heap before GC invocations=292 (full 0):
 garbage-first heap   total 414720K, used 389822K [0x00000007e0000000, 0x0000000800000000)
  region size 1024K, 20 young (20480K), 2 survivors (2048K)
 Metaspace       used 85322K, capacity 88074K, committed 88320K, reserved 331776K
  class space    used 10614K, capacity 11516K, committed 11596K, reserved 253952K
}
Event: 11752.513 GC heap after
{Heap after GC invocations=293 (full 0):
 garbage-first heap   total 414720K, used 371819K [0x00000007e0000000, 0x0000000800000000)
  region size 1024K, 3 young (3072K), 3 survivors (3072K)
 Metaspace       used 85322K, capacity 88074K, committed 88320K, reserved 331776K
  class space    used 10614K, capacity 11516K, committed 11596K, reserved 253952K
}
Event: 11752.593 GC heap before
{Heap before GC invocations=293 (full 0):
 garbage-first heap   total 414720K, used 388203K [0x00000007e0000000, 0x0000000800000000)
  region size 1024K, 20 young (20480K), 3 survivors (3072K)
 Metaspace       used 85337K, capacity 88141K, committed 88320K, reserved 331776K
  class space    used 10614K, capacity 11517K, committed 11596K, reserved 253952K
}
Event: 11752.596 GC heap after
{Heap after GC invocations=294 (full 0):
 garbage-first heap   total 414720K, used 372504K [0x00000007e0000000, 0x0000000800000000)
  region size 1024K, 2 young (2048K), 2 survivors (2048K)
 Metaspace       used 85337K, capacity 88141K, committed 88320K, reserved 331776K
  class space    used 10614K, capacity 11517K, committed 11596K, reserved 253952K
}
Event: 11752.699 GC heap before
{Heap before GC invocations=294 (full 0):
 garbage-first heap   total 414720K, used 390936K [0x00000007e0000000, 0x0000000800000000)
  region size 1024K, 20 young (20480K), 2 survivors (2048K)
 Metaspace       used 85354K, capacity 88144K, committed 88320K, reserved 331776K
  class space    used 10614K, capacity 11517K, committed 11596K, reserved 253952K
}
Event: 11752.708 GC heap after
{Heap after GC invocations=295 (full 0):
 garbage-first heap   total 414720K, used 373332K [0x00000007e0000000, 0x0000000800000000)
  region size 1024K, 3 young (3072K), 3 survivors (3072K)
 Metaspace       used 85354K, capacity 88144K, committed 88320K, reserved 331776K
  class space    used 10614K, capacity 11517K, committed 11596K, reserved 253952K
}
Event: 11752.767 GC heap before
{Heap before GC invocations=295 (full 0):
 garbage-first heap   total 414720K, used 390740K [0x00000007e0000000, 0x0000000800000000)
  region size 1024K, 20 young (20480K), 3 survivors (3072K)
 Metaspace       used 85354K, capacity 88144K, committed 88320K, reserved 331776K
  class space    used 10614K, capacity 11517K, committed 11596K, reserved 253952K
}
Event: 11752.776 GC heap after
{Heap after GC invocations=296 (full 0):
 garbage-first heap   total 414720K, used 374043K [0x00000007e0000000, 0x0000000800000000)
  region size 1024K, 3 young (3072K), 3 survivors (3072K)
 Metaspace       used 85354K, capacity 88144K, committed 88320K, reserved 331776K
  class space    used 10614K, capacity 11517K, committed 11596K, reserved 253952K
}
Event: 11752.892 GC heap before
{Heap before GC invocations=296 (full 0):
 garbage-first heap   total 414720K, used 391451K [0x00000007e0000000, 0x0000000800000000)
  region size 1024K, 20 young (20480K), 3 survivors (3072K)
 Metaspace       used 85374K, capacity 88148K, committed 88320K, reserved 331776K
  class space    used 10615K, capacity 11518K, committed 11596K, reserved 253952K
}
Event: 11752.896 GC heap after
{Heap after GC invocations=297 (full 0):
 garbage-first heap   total 414720K, used 374783K [0x00000007e0000000, 0x0000000800000000)
  region size 1024K, 3 young (3072K), 3 survivors (3072K)
 Metaspace       used 85374K, capacity 88148K, committed 88320K, reserved 331776K
  class space    used 10615K, capacity 11518K, committed 11596K, reserved 253952K
}

